bfede226    S
bfede228    S
bfede224    S
bfede220    S
bfede21c    S
bfede218    S
bfede218    L
bfede218    L
bfede208    S
b7f90ff4    L
b7f91318    S
b7f91320    S
b7f90f28    L
b7f91370    S
b7f90f30    L
b7f91348    S
b7f90f38    L
b7f9134c    S
b7f90f40    L
b7f91350    S
b7f90f48    L
b7f91360    S
b7f90f50    L
b7f91364    S
b7f90f58    L
b7f91344    S
b7f90f60    L
b7f91340    S
b7f90f68    L
b7f91388    S
b7f90f70    L
b7f91394    S
b7f90f78    L
b7f9137c    S
b7f90f80    L
b7f91380    S
b7f90f88    L
b7f91384    S
b7f90f90    L
b7f913cc    S
b7f90f98    L
b7f913c8    S
b7f90fa0    L
b7f913fc    S
b7f90fa8    L
b7f913d4    S
b7f90fb0    L
b7f91318    L
b7f91348    L
b7f90f34    L
b7f90f34    S
b7f91344    L
b7f90f5c    L
b7f90f5c    S
b7f9134c    L
b7f90f3c    L
b7f90f3c    S
b7f91350    L
b7f90f44    L
b7f90f44    S
b7f9137c    L
b7f90f7c    L
b7f90f7c    S
b7f91394    L
b7f90f74    L
b7f90f74    S
b7f913fc    L
b7f90fa4    L
b7f90fa4    S
b7f91388    L
b7f90f6c    L
b7f9137c    L
b7f91384    L
b7f90f8c    L
b7f913d0    L
b7f913b0    L
b7f913ac    L
b7f91374    L
b7f91318    L
b7f9137c    L
b7f90f7c    L
b7f91380    L
b7f90f84    L
bfede214    S
bfede218    S
b7f91388    L
b7f91394    L
bfede218    L
b7f90f74    L
b7f91340    L
b7f90f64    L
bfede214    L
bfede214    S
bfede214    L
bfede218    S
b7f91350    L
b7f913d4    L
b7f90f44    L
bfede20c    S
bfede214    L
b7f90fac    L
b7f76734    L
b7f76730    L
b7f90e68    L
b7f90e68    S
b7f7673c    L
b7f76738    L
b7f90e74    L
b7f90e74    S
b7f76744    L
b7f76740    L
b7f90e78    L
b7f90e78    S
b7f7674c    L
b7f76748    L
b7f90e7c    L
b7f90e7c    S
b7f76754    L
b7f76750    L
b7f90e80    L
b7f90e80    S
b7f7675c    L
b7f76758    L
b7f90e84    L
b7f90e84    S
b7f76764    L
b7f76760    L
b7f90e88    L
b7f90e88    S
b7f7676c    L
b7f76768    L
b7f90e8c    L
b7f90e8c    S
b7f76774    L
b7f76770    L
b7f90e90    L
b7f90e90    S
b7f7677c    L
b7f76778    L
b7f90fd8    L
b7f90fd8    S
b7f76784    L
b7f76780    L
b7f9160c    L
b7f9160c    S
b7f913fc    L
bfede218    L
b7f7678c    L
b7f76788    L
bfede210    S
bfede20c    L
b7f76466    L
b7f7645c    L
b7f91318    L
bfede210    L
b7f90fdc    S
bfede218    L
b7f76794    L
b7f76790    L
bfede210    S
bfede20c    L
b7f76306    L
b7f762fc    L
b7f91318    L
bfede210    L
b7f91000    S
bfede218    L
b7f7679c    L
b7f76798    L
bfede210    S
bfede20c    L
b7f76316    L
b7f7630c    L
b7f91318    L
bfede210    L
b7f91004    S
bfede218    L
b7f767a4    L
b7f767a0    L
bfede210    S
bfede20c    L
b7f76386    L
b7f7637c    L
b7f91318    L
bfede210    L
b7f91008    S
bfede218    L
b7f767ac    L
b7f767a8    L
bfede210    S
bfede20c    L
b7f763f6    L
b7f763ec    L
b7f91318    L
bfede210    L
b7f9100c    S
bfede218    L
b7f767b4    L
b7f767b0    L
bfede210    S
bfede20c    L
b7f76486    L
b7f7647c    L
b7f91318    L
bfede210    L
b7f91010    S
bfede218    L
b7f91494    L
b7f91494    S
bfede1f4    S
bfede1f0    S
b7f91348    L
b7f90f34    L
b7f760f4    L
b7f91488    S
b7f91484    S
b7f9148c    S
bfede1f0    L
bfede1f4    L
b7f9132c    S
b7f914b4    S
b7f914b8    S
b7f914bc    S
bfede1fc    S
bfede208    L
b7f90f20    S
bfede1f8    S
bfede1f4    S
bfede1f0    S
bfede1ec    S
bfede1e8    S
bfede1e4    S
bfede1e0    S
bfede1e0    L
bfede1e0    L
bfede1f8    L
b7f90f20    S
bfede230    L
b7f90cc0    S
b7f90ef0    S
b7f916a8    S
bfede248    L
bfede24c    L
bfede250    L
bfede254    L
bfede258    L
bfede25c    L
bfede260    L
bfede264    L
bfede268    L
bfede26c    L
bfede270    L
bfede274    L
bfede278    L
bfede27c    L
bfede280    L
bfede284    L
bfede288    L
bfede28c    L
bfede290    L
bfede294    L
bfede298    L
bfede29c    L
bfede2a0    L
bfede2a4    L
bfede2a8    L
bfede2ac    L
bfede2b0    L
bfede2b4    L
bfede2b8    L
bfede2bc    L
bfede2c0    L
bfede2c4    L
bfede2c8    L
bfede2cc    L
bfede2d0    L
bfede2d4    L
bfede2d8    L
bfede2dc    L
bfede2e0    L
bfede2e4    L
bfede2e8    L
bfede2ec    L
bfede2f0    L
bfede2f4    L
bfede2f8    L
bfede2fc    L
bfede300    L
bfede304    L
bfede308    L
bfede30c    L
bfede310    L
bfede314    L
bfede318    L
bfede31c    L
bfede320    L
bfede324    L
bfede328    L
bfede32c    L
bfede330    L
bfede334    L
bfede338    L
bfede33c    L
bfede340    L
bfede344    L
bfede348    L
bfede34c    L
bfede350    L
bfede354    L
bfede358    L
bfede35c    L
bfede360    L
bfede364    L
bfede368    L
bfede36c    L
bfede370    L
bfede374    L
bfede378    L
bfede37c    L
bfede380    L
bfede384    L
bfede388    L
bfede38c    L
bfede390    L
b7f90f24    S
bfede1e0    S
b7f90cec    S
bfede394    L
b7f8b874    L
bfede39c    L
bfede398    L
b7f8b878    L
bfede3a0    L
b7f90e6c    S
bfede3a4    L
b7f8b834    L
bfede3a8    L
b7f90d28    S
b7f90d24    S
bfede3ac    L
b7f8b80c    L
bfede3b0    L
b7f90ce4    S
bfede3b4    L
b7f8b838    L
bfede3b8    L
b7f90cfc    S
bfede3bc    L
b7f8b800    L
bfede3c4    L
bfede3c0    L
b7f8b804    L
bfede3cc    L
b7f8b808    L
bfede3d4    L
bfede3d0    L
b7f8b810    L
bfede3dc    L
b7f8b814    L
bfede3e4    L
b7f8b818    L
bfede3e8    L
bfede1e0    S
bfede3ec    L
b7f8b820    L
bfede3f4    L
b7f8b824    L
bfede3fc    L
b7f8b828    L
bfede404    L
b7f8b82c    L
bfede40c    L
b7f8b850    L
bfede410    L
b7f90f1c    S
bfede414    L
b7f8b830    L
bfede418    L
b7f90cec    S
bfede41c    L
b7f90e6c    L
b7f90e68    S
bfede1d4    S
bfede1d0    S
bfede1cc    S
bfede1d4    L
bfede1c8    S
bfede1c4    S
bfede1c4    L
bfede1c4    L
b7f91694    S
bfede1c8    L
bfede1cc    L
bfede1d0    L
b7f90cec    L
bfede42b    L
bfede1d4    S
bfede1d0    S
bfede1d4    L
bfede42b    L
bfede42c    L
bfede1d4    L
bfede1d0    L
b7f90cf0    S
bfede1d4    S
bfede1d0    S
bfede1cc    S
bfede1c0    S
bfede1b8    S
bfede1b8    L
bfede1b8    L
bfede1c8    S
bfede1d4    L
bfede1c4    S
b7f91694    L
b7f91684    L
b7f91694    L
bfede1c0    L
bfede1c4    L
bfede1c8    L
bfede1cc    L
bfede1d0    L
b7f90f1c    L
bfede1dc    S
bfede1d8    S
bfede1d4    S
bfede1fc    L
bfede1d0    S
bfede1cc    S
bfede1c8    S
bfede1c4    S
bfede1c0    S
bfede1bc    S
bfede1bc    L
bfede1bc    L
b7f91314    S
b7f91608    S
b7f915d4    S
b7f915d8    S
b7f915e0    S
bfedde78    S
bfedde74    S
bfedde70    S
bfedde6c    S
bfedde68    S
bfedde64    S
bfedde64    L
bfedde64    L
bfedde4c    S
b7f90f1c    L
b7f916a8    L
bfedde64    S
b7f90e58    S
bfedde50    S
bfedde54    S
bfeddde4    S
bfeddde4    L
bfedddc8    S
bfedddc4    S
bfedddc0    S
bfedde64    L
bfede248    L
bfededaf    L
bfededb0    L
bfede24c    L
bfededc8    L
bfede250    L
bfedee3f    L
bfede254    L
bfedee71    L
bfede258    L
bfedee8e    L
bfede25c    L
bfedeebd    L
bfede260    L
bfedeecf    L
bfede264    L
bfedeeee    L
bfede268    L
bfedef31    L
bfede26c    L
bfedef58    L
bfede270    L
bfedef7f    L
bfede274    L
bfedef93    L
bfede278    L
bfedef9e    L
bfede27c    L
bfedefab    L
bfede280    L
bfedefb9    L
bfede284    L
bfedefca    L
bfede288    L
bfedefed    L
bfede28c    L
bfedf009    L
bfede290    L
bfedf01a    L
bfede294    L
bfedf05f    L
bfede298    L
bfedf068    L
bfede29c    L
bfedf07b    L
bfede2a0    L
bfedf08e    L
bfede2a4    L
bfedf09c    L
bfede2a8    L
bfedf0ad    L
bfedf0ae    L
bfede2ac    L
bfedf37d    L
bfedf37e    L
bfedf37f    L
bfedde64    S
